Info in <TMacOSXSystem::ACLiC>: creating shared library /Users/jameswetzel/Dropbox/Research/CERN_TEST_BEAMS/CERN_May_2023/RADiCAL/RADiCAL/./papers/scripts/depth_dial/depthDialDiag_C.so

===== DEPTH-DIAL STABILITY DIAGNOSTICS (DSB1) =====
   25 GeV: 29756 baseline events (r<2.5, peaks ok)
   50 GeV: 58798 baseline events (r<2.5, peaks ok)
   75 GeV: 54376 baseline events (r<2.5, peaks ok)
  100 GeV: 71237 baseline events (r<2.5, peaks ok)
  125 GeV: 56318 baseline events (r<2.5, peaks ok)
  150 GeV: 103246 baseline events (r<2.5, peaks ok)

  V1/V2 fiducial + subsets (lgcfd, ps per e-fold; pred -26.3):
    r<2.5 all 6 E    :   -33.6 +-  2.9  (chi2/ndf 972/4)
    r<2.5 drop 150   :   -33.1 +-  4.1  (chi2/ndf 960/3)
    r<2.5 drop125+150:   -36.4 +-  4.6  (chi2/ndf 540/2)
    r<1.5 all 6 E    :   -35.3 +-  5.6  (chi2/ndf 1044/4)

  V3 per-capillary slopes (lgcfd):
    NW:   -41.6 +- 15.5
    NE:   -33.1 +- 18.4
    SE:   -45.6 +- 28.1
    SW:   -46.9 +- 14.4

  V4 brightness-quartile slopes (lgcfd, Q1=dimmest):
    Q1:   -94.7 +-  3.5
    Q2:   -45.1 +-  2.9
    Q3:   -27.9 +-  3.3
    Q4:   -17.7 +-  2.9

  V5 per-run robust means (lgcfd, runs with N>700):
     25 GeV: 26 runs with N>700, run-to-run spread (max-min) =   8.2 ps
     50 GeV: 35 runs with N>700, run-to-run spread (max-min) =   6.9 ps
     75 GeV: 25 runs with N>700, run-to-run spread (max-min) =   4.8 ps
    100 GeV: 34 runs with N>700, run-to-run spread (max-min) =   4.8 ps
    125 GeV: 33 runs with N>700, run-to-run spread (max-min) =   6.5 ps
    150 GeV: 58 runs with N>700, run-to-run spread (max-min) =   8.8 ps

  V6 method slopes (all 6 E, own-validity samples):
    lgcfd :   -33.6 +-  2.9  (chi2/ndf 972/4)
    cfd05 :   -41.6 +- 13.7  (chi2/ndf 19736/4)
    led   :    -5.5 +-  1.5  (chi2/ndf 231/4)
    cfd20 :   -85.8 +- 23.4  (chi2/ndf 54820/4)
    cfd30 :  -105.5 +- 28.6  (chi2/ndf 76695/4)
Info in <TCanvas::Print>: png file papers/figures/depth_dial/diagnostics/depth_dial_stability.png has been created

  wrote papers/figures/depth_dial/diagnostics/depth_dial_stability.png
